<?xml version="1.0" encoding="UTF-8"?>
<!-- Generated by org.testng.reporters.JUnitReportReporter -->
<testsuite hostname="Sairams-MacBook-Air.local" failures="0" tests="4" name="GoogleTest" time="0.001" errors="0" timestamp="2025-07-20T19:34:06 IST" skipped="0">
  <testcase classname="GoogleTest" name="highPriority" time="0.000"/>
  <testcase classname="GoogleTest" name="highPriority" time="0.001"/>
  <testcase classname="GoogleTest" name="testGoogleTitle" time="0.000"/>
  <testcase classname="GoogleTest" name="testGoogleTitle" time="0.000"/>
</testsuite> <!-- GoogleTest -->
